00:00:00 T:0   DEBUG: DllBcm: Using omx system library
00:00:00 T:0   DEBUG: DllOMX: Using omx system library
00:00:00 T:0   DEBUG: DllAvFormat: Using libavformat system library
00:00:00 T:0   DEBUG: DllAvUtilBase: Using libavutil system library
00:00:00 T:0   DEBUG: DllAvCodec: Using libavcodec system library
00:00:00 T:0   DEBUG: DllAvFormat: Using libavformat system library
00:00:00 T:0   DEBUG: DllOMX: Using omx system library
00:00:00 T:0   DEBUG: COMXCoreComponent::Initialize OMX.broadcom.clock input port 80 output port 81
00:00:00 T:0   DEBUG: DllAvUtilBase: Using libavutil system library
00:00:00 T:0   DEBUG: DllAvCodec: Using libavcodec system library
00:00:00 T:0   DEBUG: DllAvFormat: Using libavformat system library
00:00:00 T:0   DEBUG: DllAvUtilBase: Using libavutil system library
00:00:00 T:0   DEBUG: DllAvCodec: Using libavcodec system library
00:00:00 T:0   DEBUG: DllOMX: Using omx system library
00:00:00 T:0   DEBUG: Previous line repeats 2 times.
00:00:00 T:0   DEBUG: COMXAudio::SetCodingType OMX_AUDIO_CodingPCM
00:00:00 T:0   DEBUG: DllAvUtilBase: Using libavutil system library
00:00:00 T:0    INFO: CPCMRemap: I channel map: CE
00:00:00 T:0   DEBUG: CPCMRemap: Mapping mono audio to front left and front right
00:00:00 T:0   DEBUG: pcm->nPortIndex     : 0
00:00:00 T:0   DEBUG: pcm->eNumData       : 0
00:00:00 T:0   DEBUG: pcm->eEndian        : 1
00:00:00 T:0   DEBUG: pcm->bInterleaved   : 1
00:00:00 T:0   DEBUG: pcm->nBitPerSample  : 16
00:00:00 T:0   DEBUG: pcm->ePCMMode       : 0
00:00:00 T:0   DEBUG: pcm->nChannels      : 1
00:00:00 T:0   DEBUG: pcm->nSamplingRate  : 11025
00:00:00 T:0   DEBUG: OMX_AUDIO_ChannelCF
00:00:00 T:0   DEBUG: pcm->nPortIndex     : 0
00:00:00 T:0   DEBUG: pcm->eNumData       : 0
00:00:00 T:0   DEBUG: pcm->eEndian        : 1
00:00:00 T:0   DEBUG: pcm->bInterleaved   : 1
00:00:00 T:0   DEBUG: pcm->nBitPerSample  : 16
00:00:00 T:0   DEBUG: pcm->ePCMMode       : 0
00:00:00 T:0   DEBUG: pcm->nChannels      : 2
00:00:00 T:0   DEBUG: pcm->nSamplingRate  : 11025
00:00:00 T:0   DEBUG: OMX_AUDIO_ChannelLF
00:00:00 T:0   DEBUG: OMX_AUDIO_ChannelRF
00:00:00 T:0   DEBUG: DllOMX: Using omx system library
00:00:00 T:0   DEBUG: COMXCoreComponent::Initialize OMX.broadcom.audio_render input port 100 output port 100
00:00:00 T:0   DEBUG: DllOMX: Using omx system library
00:00:00 T:0   DEBUG: COMXCoreComponent::Initialize OMX.broadcom.audio_decode input port 120 output port 121
00:00:00 T:0   DEBUG: DllOMX: Using omx system library
00:00:00 T:0   DEBUG: COMXCoreComponent::Initialize OMX.broadcom.audio_mixer input port 232 output port 231
00:00:00 T:0   DEBUG: COMXCoreComponent::AllocInputBuffers component(OMX.broadcom.audio_decode) - port(120), nBufferCountMin(4), nBufferCountActual(7), nBufferSize(6144), nBufferAlignmen(16)
00:00:00 T:0   DEBUG: COMXAudio::Initialize Ouput bps 16 samplerate 11025 channels 2 device local buffer size 44100 bytes per second 22050 passthrough 0 hwdecode 0
00:00:00 T:0   DEBUG: COMXAudio::Initialize Input bps 16 samplerate 11025 channels 1 device local buffer size 44100 bytes per second 22050 passthrough 0 hwdecode 0
00:00:00 T:0   DEBUG: OMXThread::Create - Thread with id -1294904224 started
00:00:00 T:0   DEBUG: pcm->nPortIndex     : 232
00:00:00 T:0   DEBUG: pcm->eNumData       : 0
00:00:00 T:0   DEBUG: pcm->eEndian        : 1
00:00:00 T:0   DEBUG: pcm->bInterleaved   : 1
00:00:00 T:0   DEBUG: pcm->nBitPerSample  : 16
00:00:00 T:0   DEBUG: pcm->ePCMMode       : 0
00:00:00 T:0   DEBUG: pcm->nChannels      : 1
00:00:00 T:0   DEBUG: pcm->nSamplingRate  : 11025
00:00:00 T:0   DEBUG: OMX_AUDIO_ChannelCF
00:00:00 T:0   DEBUG: pcm->nPortIndex     : 100
00:00:00 T:0   DEBUG: pcm->eNumData       : 0
00:00:00 T:0   DEBUG: pcm->eEndian        : 1
00:00:00 T:0   DEBUG: pcm->bInterleaved   : 1
00:00:00 T:0   DEBUG: pcm->nBitPerSample  : 16
00:00:00 T:0   DEBUG: pcm->ePCMMode       : 0
00:00:00 T:0   DEBUG: pcm->nChannels      : 2
00:00:00 T:0   DEBUG: pcm->nSamplingRate  : 11025
00:00:00 T:0   DEBUG: OMX_AUDIO_ChannelLF
00:00:00 T:0   DEBUG: OMX_AUDIO_ChannelRF
00:00:00 T:0   DEBUG: OMXThread::Run - Exited thread with  id -1294904224
00:00:00 T:0   DEBUG: OMXThread::StopThread - Thread stopped
00:00:00 T:0   ERROR: COMXCoreComponent::DecoderEventHandler OMX.broadcom.audio_mixer - OMX_ErrorPortUnpopulated port 0, cannot parse input stream
